<?xml version="1.0" encoding="UTF-8"?>
<testsuite xmlns:xsi="http://www.w3.org/2001/XMLSchema-instance" xsi:noNamespaceSchemaLocation="https://maven.apache.org/surefire/maven-surefire-plugin/xsd/surefire-test-report-3.0.xsd" version="3.0" name="com.nightmission.nightsftp.filesystem.SafePathResolverTest" time="0.244" tests="5" errors="0" skipped="0" failures="0">
  <properties>
[...]
</properties>
  <testcase name="testNullOrEmptyPath" classname="com.nightmission.nightsftp.filesystem.SafePathResolverTest" time="0.132"/>
  <testcase name="testPathTraversalAttempt" classname="com.nightmission.nightsftp.filesystem.SafePathResolverTest" time="0.008"/>
  <testcase name="testAbsolutePathAttempt" classname="com.nightmission.nightsftp.filesystem.SafePathResolverTest" time="0.007"/>
  <testcase name="testValidRelativePath" classname="com.nightmission.nightsftp.filesystem.SafePathResolverTest" time="0.01"/>
  <testcase name="testNestedTraversalAttempt" classname="com.nightmission.nightsftp.filesystem.SafePathResolverTest" time="0.008"/>
</testsuite>